[INFO ] 2024-06-12 17:50:07.668 [main] StepDef - Setup Executed
[INFO ] 2024-06-12 17:50:07.740 [main] StepDef - Chrome Launched
[INFO ] 2024-06-12 17:50:11.636 [main] StepDef - Url opened
[INFO ] 2024-06-12 17:50:12.006 [main] StepDef - Enter email and password successfully
[INFO ] 2024-06-12 17:50:14.054 [main] StepDef - Click on login successfully
[INFO ] 2024-06-12 17:50:19.943 [main] StepDef - Click on logout successfully
[INFO ] 2024-06-12 18:31:28.839 [main] StepDef - Chrome Launched
[INFO ] 2024-06-12 18:31:30.219 [main] StepDef - Url opened
[INFO ] 2024-06-12 18:31:30.553 [main] StepDef - Enter email and password successfully
[INFO ] 2024-06-12 18:31:32.255 [main] StepDef - Click on login successfully
[INFO ] 2024-06-12 18:31:37.664 [main] StepDef - Click on logout successfully
[INFO ] 2024-06-12 22:34:45.089 [main] StepDef - Chrome Launched
[INFO ] 2024-06-12 22:34:47.144 [main] StepDef - Url opened
[INFO ] 2024-06-12 22:34:48.145 [main] StepDef - Enter email and password successfully
[INFO ] 2024-06-12 22:34:50.366 [main] StepDef - Click on login successfully
[INFO ] 2024-06-12 22:34:56.487 [main] StepDef - Click on logout successfully
[INFO ] 2024-06-12 22:40:03.619 [main] StepDef - Chrome Launched
[INFO ] 2024-06-12 22:40:05.125 [main] StepDef - Url opened
[INFO ] 2024-06-12 22:40:06.399 [main] StepDef - Enter email and password successfully
[INFO ] 2024-06-12 22:40:08.699 [main] StepDef - Click on login successfully
[INFO ] 2024-06-12 22:40:13.041 [main] StepDef - Click on logout successfully
[INFO ] 2024-06-12 22:47:54.349 [main] StepDef - Chrome Launched
[INFO ] 2024-06-12 22:47:56.006 [main] StepDef - Url opened
[INFO ] 2024-06-12 22:47:57.210 [main] StepDef - Enter email and password successfully
[INFO ] 2024-06-12 22:47:59.492 [main] StepDef - Click on login successfully
[INFO ] 2024-06-12 22:48:04.893 [main] StepDef - Click on logout successfully
[INFO ] 2024-06-12 22:49:47.072 [main] StepDef - Chrome Launched
[INFO ] 2024-06-12 22:49:48.541 [main] StepDef - Url opened
[INFO ] 2024-06-12 22:49:49.725 [main] StepDef - Enter email and password successfully
[INFO ] 2024-06-12 22:49:52.472 [main] StepDef - Click on login successfully
[INFO ] 2024-06-12 22:49:57.194 [main] StepDef - Click on logout successfully
[INFO ] 2024-06-13 01:41:03.853 [main] StepDef - Chrome Launched
[INFO ] 2024-06-13 01:41:37.360 [main] StepDef - Url opened
[INFO ] 2024-06-13 01:43:23.046 [main] StepDef - Chrome Launched
[INFO ] 2024-06-13 01:43:52.475 [main] StepDef - Url opened
[INFO ] 2024-06-13 01:43:53.652 [main] StepDef - Enter email and password successfully
[INFO ] 2024-06-13 01:44:21.850 [main] StepDef - Click on login successfully
[INFO ] 2024-06-13 01:45:20.776 [main] StepDef - Click on logout successfully
[INFO ] 2024-06-13 01:48:45.511 [main] StepDef - Chrome Launched
[INFO ] 2024-06-13 01:49:07.901 [main] StepDef - Url opened
[INFO ] 2024-06-13 01:49:08.397 [main] StepDef - Enter email and password successfully
[INFO ] 2024-06-13 01:49:10.497 [main] StepDef - Click on login successfully
[INFO ] 2024-06-13 01:49:14.137 [main] StepDef - Click on logout successfully
[INFO ] 2024-06-13 01:49:16.366 [main] StepDef - Chrome Launched
[INFO ] 2024-06-13 01:49:39.273 [main] StepDef - Url opened
[INFO ] 2024-06-13 01:49:39.948 [main] StepDef - Enter email and password successfully
[INFO ] 2024-06-13 01:49:42.858 [main] StepDef - Click on login successfully
[INFO ] 2024-06-13 01:49:46.312 [main] StepDef - Click on logout successfully
[INFO ] 2024-06-13 02:10:06.102 [main] StepDef - Chrome Launched
[INFO ] 2024-06-13 02:10:09.267 [main] StepDef - Url opened
[INFO ] 2024-06-13 02:10:10.361 [main] StepDef - Enter email and password successfully
[INFO ] 2024-06-13 02:10:13.017 [main] StepDef - Click on login successfully
[INFO ] 2024-06-13 02:10:16.400 [main] StepDef - Click on logout successfully
[INFO ] 2024-06-13 02:10:19.125 [main] StepDef - Chrome Launched
[INFO ] 2024-06-13 02:10:21.381 [main] StepDef - Url opened
[INFO ] 2024-06-13 02:11:44.502 [main] StepDef - Chrome Launched
[INFO ] 2024-06-13 02:11:46.657 [main] StepDef - Url opened
[INFO ] 2024-06-13 02:11:47.518 [main] StepDef - Enter email and password successfully
[INFO ] 2024-06-13 02:11:50.814 [main] StepDef - Click on login successfully
[INFO ] 2024-06-13 02:11:55.114 [main] StepDef - Click on logout successfully
[INFO ] 2024-06-13 02:11:57.529 [main] StepDef - Chrome Launched
[INFO ] 2024-06-13 02:11:58.842 [main] StepDef - Url opened
[INFO ] 2024-06-13 02:11:59.889 [main] StepDef - Enter email and password successfully
[INFO ] 2024-06-13 02:12:07.116 [main] StepDef - Click on login successfully
[INFO ] 2024-06-13 02:12:09.294 [main] StepDef - Click on logout successfully
[INFO ] 2024-06-13 16:56:13.049 [main] StepDef - Chrome Launched
[INFO ] 2024-06-13 16:56:17.988 [main] StepDef - Url opened
[INFO ] 2024-06-13 16:56:19.821 [main] StepDef - Enter email and password successfully
[INFO ] 2024-06-13 16:56:36.247 [main] StepDef - Click on login successfully
[INFO ] 2024-06-13 16:57:28.545 [main] StepDef - Chrome Launched
[INFO ] 2024-06-13 16:57:35.690 [main] StepDef - Url opened
[INFO ] 2024-06-13 16:57:36.911 [main] StepDef - Enter email and password successfully
[INFO ] 2024-06-13 16:57:40.365 [main] StepDef - Click on login successfully
[INFO ] 2024-06-13 17:02:04.144 [main] StepDef - Chrome Launched
[INFO ] 2024-06-13 17:02:24.113 [main] StepDef - Url opened
[INFO ] 2024-06-13 17:02:25.523 [main] StepDef - Enter email and password successfully
[INFO ] 2024-06-13 17:02:28.624 [main] StepDef - Click on login successfully
[INFO ] 2024-06-13 17:03:11.574 [main] StepDef - Chrome Launched
[INFO ] 2024-06-13 17:03:16.620 [main] StepDef - Url opened
[INFO ] 2024-06-13 17:03:17.785 [main] StepDef - Enter email and password successfully
[INFO ] 2024-06-13 17:03:21.215 [main] StepDef - Click on login successfully
[INFO ] 2024-06-13 17:09:42.875 [main] StepDef - Chrome Launched
[INFO ] 2024-06-13 17:09:48.941 [main] StepDef - Url opened
[INFO ] 2024-06-13 17:09:50.680 [main] StepDef - Enter email and password successfully
[INFO ] 2024-06-13 17:09:55.453 [main] StepDef - Click on login successfully
[INFO ] 2024-06-13 17:11:02.787 [main] StepDef - Chrome Launched
[INFO ] 2024-06-13 17:11:07.172 [main] StepDef - Url opened
[INFO ] 2024-06-13 17:11:08.643 [main] StepDef - Enter email and password successfully
[INFO ] 2024-06-13 17:11:10.957 [main] StepDef - Click on login successfully
[INFO ] 2024-06-13 17:17:34.040 [main] StepDef - Chrome Launched
[INFO ] 2024-06-13 17:17:36.033 [main] StepDef - Url opened
[INFO ] 2024-06-13 17:17:37.127 [main] StepDef - Enter email and password successfully
[INFO ] 2024-06-13 17:17:42.314 [main] StepDef - Click on login successfully
[INFO ] 2024-06-13 17:18:36.002 [main] StepDef - Chrome Launched
[INFO ] 2024-06-13 17:18:41.889 [main] StepDef - Url opened
[INFO ] 2024-06-13 17:18:43.040 [main] StepDef - Enter email and password successfully
[INFO ] 2024-06-13 17:18:45.752 [main] StepDef - Click on login successfully
[INFO ] 2024-06-13 17:32:26.997 [main] StepDef - Chrome Launched
[INFO ] 2024-06-13 17:32:30.331 [main] StepDef - Url opened
[INFO ] 2024-06-13 17:32:31.554 [main] StepDef - Enter email and password successfully
[INFO ] 2024-06-13 17:32:35.485 [main] StepDef - Click on login successfully
[INFO ] 2024-06-13 17:33:44.307 [main] StepDef - Click on logout successfully
[INFO ] 2024-06-13 17:33:47.096 [main] StepDef - Chrome Launched
[INFO ] 2024-06-13 17:33:49.068 [main] StepDef - Url opened
[INFO ] 2024-06-13 17:33:50.010 [main] StepDef - Enter email and password successfully
[INFO ] 2024-06-13 17:33:54.974 [main] StepDef - Click on login successfully
